<?xml version="1.0" encoding="UTF-8"?>
<!-- Generated by org.testng.reporters.JUnitReportReporter -->
<testsuite hostname="weboniselab" name="UsaBasketballAutomation" tests="1" failures="0" timestamp="3 May 2016 09:13:29 GMT" time="78.708" errors="0">
  <testcase name="usabsignup" time="78.708" classname="UsaBasketballAutomation"/>
</testsuite> <!-- UsaBasketballAutomation -->
